<?xml version="1.0" encoding="UTF-8"?>
<testsuite xmlns:xsi="http://www.w3.org/2001/XMLSchema-instance" xsi:schemaLocation="https://maven.apache.org/surefire/maven-surefire-plugin/xsd/surefire-test-report.xsd" name="no.bankid.openb2b.SenderVerifiesBankIDStatusIT" time="0.737" tests="2" errors="0" skipped="0" failures="0">
  <properties>
[...]
</properties>
  <testcase name="happyDayScenario" classname="no.bankid.openb2b.SenderVerifiesBankIDStatusIT" time="0.372"/>
  <testcase name="bankIDStatusCheckFailsIfSenderHasNotCheckedStatus" classname="no.bankid.openb2b.SenderVerifiesBankIDStatusIT" time="0.365"/>
</testsuite>